{"/home/thiago.ferraz/Documentos/soha/api-projetct/src/app.module.ts": {"path":"/home/thiago.ferraz/Documentos/soha/api-projetct/src/app.module.ts","statementMap":{"0":{"start":{"line":1,"column":0},"end":{"line":1,"column":40}},"1":{"start":{"line":2,"column":0},"end":{"line":2,"column":50}},"2":{"start":{"line":3,"column":0},"end":{"line":3,"column":40}},"3":{"start":{"line":4,"column":0},"end":{"line":4,"column":69}},"4":{"start":{"line":5,"column":0},"end":{"line":5,"column":81}},"5":{"start":{"line":6,"column":0},"end":{"line":6,"column":92}},"6":{"start":{"line":7,"column":0},"end":{"line":7,"column":84}},"7":{"start":{"line":8,"column":0},"end":{"line":8,"column":78}},"8":{"start":{"line":9,"column":0},"end":{"line":9,"column":89}},"9":{"start":{"line":10,"column":0},"end":{"line":10,"column":82}},"10":{"start":{"line":11,"column":0},"end":{"line":11,"column":78}},"11":{"start":{"line":12,"column":0},"end":{"line":12,"column":97}},"12":{"start":{"line":29,"column":0},"end":{"line":29,"column":null}},"13":{"start":{"line":29,"column":13},"end":{"line":29,"column":null}},"14":{"start":{"line":29,"column":13},"end":{"line":29,"column":22}}},"fnMap":{},"branchMap":{},"s":{"0":1,"1":1,"2":1,"3":1,"4":1,"5":1,"6":1,"7":1,"8":1,"9":1,"10":1,"11":1,"12":1,"13":1,"14":1},"f":{},"b":{}}
,"/home/thiago.ferraz/Documentos/soha/api-projetct/src/domain/model/user.ts": {"path":"/home/thiago.ferraz/Documentos/soha/api-projetct/src/domain/model/user.ts","statementMap":{"0":{"start":{"line":1,"column":0},"end":{"line":1,"column":13}},"1":{"start":{"line":9,"column":0},"end":{"line":9,"column":13}}},"fnMap":{},"branchMap":{},"s":{"0":1,"1":1},"f":{},"b":{}}
,"/home/thiago.ferraz/Documentos/soha/api-projetct/src/infrastructure/common/guards/jwtAuth.guard.ts": {"path":"/home/thiago.ferraz/Documentos/soha/api-projetct/src/infrastructure/common/guards/jwtAuth.guard.ts","statementMap":{"0":{"start":{"line":1,"column":0},"end":{"line":1,"column":44}},"1":{"start":{"line":2,"column":0},"end":{"line":2,"column":45}},"2":{"start":{"line":5,"column":0},"end":{"line":5,"column":null}},"3":{"start":{"line":5,"column":13},"end":{"line":5,"column":null}},"4":{"start":{"line":5,"column":13},"end":{"line":5,"column":25}}},"fnMap":{},"branchMap":{},"s":{"0":1,"1":1,"2":1,"3":1,"4":1},"f":{},"b":{}}
,"/home/thiago.ferraz/Documentos/soha/api-projetct/src/infrastructure/common/guards/jwtRefresh.guard.ts": {"path":"/home/thiago.ferraz/Documentos/soha/api-projetct/src/infrastructure/common/guards/jwtRefresh.guard.ts","statementMap":{"0":{"start":{"line":1,"column":0},"end":{"line":1,"column":44}},"1":{"start":{"line":2,"column":0},"end":{"line":2,"column":45}},"2":{"start":{"line":5,"column":0},"end":{"line":5,"column":null}},"3":{"start":{"line":5,"column":21},"end":{"line":5,"column":null}},"4":{"start":{"line":5,"column":21},"end":{"line":5,"column":37}}},"fnMap":{},"branchMap":{},"s":{"0":1,"1":1,"2":1,"3":1,"4":1},"f":{},"b":{}}
,"/home/thiago.ferraz/Documentos/soha/api-projetct/src/infrastructure/common/guards/login.guard.ts": {"path":"/home/thiago.ferraz/Documentos/soha/api-projetct/src/infrastructure/common/guards/login.guard.ts","statementMap":{"0":{"start":{"line":1,"column":0},"end":{"line":1,"column":44}},"1":{"start":{"line":2,"column":0},"end":{"line":2,"column":45}},"2":{"start":{"line":5,"column":0},"end":{"line":5,"column":null}},"3":{"start":{"line":5,"column":13},"end":{"line":5,"column":null}},"4":{"start":{"line":5,"column":13},"end":{"line":5,"column":23}}},"fnMap":{},"branchMap":{},"s":{"0":1,"1":1,"2":1,"3":1,"4":1},"f":{},"b":{}}
,"/home/thiago.ferraz/Documentos/soha/api-projetct/src/infrastructure/common/interceptors/response.interceptor.ts": {"path":"/home/thiago.ferraz/Documentos/soha/api-projetct/src/infrastructure/common/interceptors/response.interceptor.ts","statementMap":{"0":{"start":{"line":1,"column":0},"end":{"line":1,"column":null}},"1":{"start":{"line":7,"column":0},"end":{"line":7,"column":46}},"2":{"start":{"line":9,"column":0},"end":{"line":9,"column":37}},"3":{"start":{"line":13,"column":2},"end":{"line":13,"column":null}},"4":{"start":{"line":15,"column":2},"end":{"line":15,"column":null}},"5":{"start":{"line":17,"column":2},"end":{"line":17,"column":null}},"6":{"start":{"line":19,"column":2},"end":{"line":19,"column":null}},"7":{"start":{"line":11,"column":0},"end":{"line":11,"column":13}},"8":{"start":{"line":25,"column":0},"end":{"line":46,"column":null}},"9":{"start":{"line":32,"column":16},"end":{"line":32,"column":26}},"10":{"start":{"line":33,"column":24},"end":{"line":33,"column":46}},"11":{"start":{"line":34,"column":20},"end":{"line":34,"column":44}},"12":{"start":{"line":36,"column":4},"end":{"line":44,"column":6}},"13":{"start":{"line":37,"column":21},"end":{"line":43,"column":8}},"14":{"start":{"line":25,"column":13},"end":{"line":46,"column":null}},"15":{"start":{"line":25,"column":13},"end":{"line":25,"column":32}}},"fnMap":{"0":{"name":"(anonymous_2)","decl":{"start":{"line":28,"column":2},"end":{"line":28,"column":11}},"loc":{"start":{"line":30,"column":21},"end":{"line":45,"column":3}}},"1":{"name":"(anonymous_3)","decl":{"start":{"line":37,"column":10},"end":{"line":37,"column":11}},"loc":{"start":{"line":37,"column":21},"end":{"line":43,"column":8}}}},"branchMap":{},"s":{"0":1,"1":1,"2":1,"3":1,"4":1,"5":1,"6":1,"7":1,"8":1,"9":0,"10":0,"11":0,"12":0,"13":0,"14":1,"15":1},"f":{"0":0,"1":0},"b":{}}
,"/home/thiago.ferraz/Documentos/soha/api-projetct/src/infrastructure/common/strategies/jwt.strategy.ts": {"path":"/home/thiago.ferraz/Documentos/soha/api-projetct/src/infrastructure/common/strategies/jwt.strategy.ts","statementMap":{"0":{"start":{"line":1,"column":0},"end":{"line":1,"column":52}},"1":{"start":{"line":2,"column":0},"end":{"line":2,"column":52}},"2":{"start":{"line":3,"column":0},"end":{"line":3,"column":52}},"3":{"start":{"line":5,"column":0},"end":{"line":5,"column":81}},"4":{"start":{"line":6,"column":0},"end":{"line":6,"column":67}},"5":{"start":{"line":8,"column":0},"end":{"line":8,"column":72}},"6":{"start":{"line":9,"column":0},"end":{"line":9,"column":60}},"7":{"start":{"line":12,"column":0},"end":{"line":41,"column":null}},"8":{"start":{"line":19,"column":4},"end":{"line":26,"column":7}},"9":{"start":{"line":22,"column":10},"end":{"line":22,"column":50}},"10":{"start":{"line":15,"column":21},"end":{"line":15,"column":40}},"11":{"start":{"line":16,"column":21},"end":{"line":16,"column":29}},"12":{"start":{"line":17,"column":21},"end":{"line":17,"column":39}},"13":{"start":{"line":30,"column":17},"end":{"line":32,"column":52}},"14":{"start":{"line":33,"column":4},"end":{"line":38,"column":null}},"15":{"start":{"line":34,"column":6},"end":{"line":34,"column":56}},"16":{"start":{"line":35,"column":6},"end":{"line":37,"column":9}},"17":{"start":{"line":39,"column":4},"end":{"line":39,"column":16}},"18":{"start":{"line":12,"column":13},"end":{"line":41,"column":null}},"19":{"start":{"line":12,"column":13},"end":{"line":12,"column":24}}},"fnMap":{"0":{"name":"(anonymous_4)","decl":{"start":{"line":13,"column":2},"end":{"line":13,"column":null}},"loc":{"start":{"line":17,"column":56},"end":{"line":27,"column":3}}},"1":{"name":"(anonymous_5)","decl":{"start":{"line":21,"column":8},"end":{"line":21,"column":9}},"loc":{"start":{"line":21,"column":29},"end":{"line":23,"column":9}}},"2":{"name":"(anonymous_6)","decl":{"start":{"line":29,"column":2},"end":{"line":29,"column":7}},"loc":{"start":{"line":29,"column":29},"end":{"line":40,"column":3}}}},"branchMap":{"0":{"loc":{"start":{"line":22,"column":33},"end":{"line":22,"column":35}},"type":"cond-expr","locations":[{"start":{"line":22,"column":33},"end":{"line":22,"column":35}},{"start":{"line":22,"column":33},"end":{"line":22,"column":49}}]},"1":{"loc":{"start":{"line":22,"column":17},"end":{"line":22,"column":35}},"type":"binary-expr","locations":[{"start":{"line":22,"column":17},"end":{"line":22,"column":35}},{"start":{"line":22,"column":33},"end":{"line":22,"column":35}}]},"2":{"loc":{"start":{"line":22,"column":24},"end":{"line":22,"column":26}},"type":"cond-expr","locations":[{"start":{"line":22,"column":24},"end":{"line":22,"column":26}},{"start":{"line":22,"column":17},"end":{"line":22,"column":33}}]},"3":{"loc":{"start":{"line":22,"column":17},"end":{"line":22,"column":26}},"type":"binary-expr","locations":[{"start":{"line":22,"column":17},"end":{"line":22,"column":26}},{"start":{"line":22,"column":17},"end":{"line":22,"column":26}}]},"4":{"loc":{"start":{"line":33,"column":4},"end":{"line":38,"column":null}},"type":"if","locations":[{"start":{"line":33,"column":4},"end":{"line":38,"column":null}},{"start":{"line":33,"column":4},"end":{"line":38,"column":null}}]}},"s":{"0":1,"1":1,"2":1,"3":1,"4":1,"5":1,"6":1,"7":1,"8":1,"9":0,"10":1,"11":1,"12":1,"13":0,"14":0,"15":0,"16":0,"17":0,"18":1,"19":1},"f":{"0":1,"1":0,"2":0},"b":{"0":[0,0],"1":[0,0],"2":[0,0],"3":[0,0],"4":[0,0]}}
,"/home/thiago.ferraz/Documentos/soha/api-projetct/src/infrastructure/common/strategies/jwtRefresh.strategy.ts": {"path":"/home/thiago.ferraz/Documentos/soha/api-projetct/src/infrastructure/common/strategies/jwtRefresh.strategy.ts","statementMap":{"0":{"start":{"line":1,"column":0},"end":{"line":1,"column":52}},"1":{"start":{"line":2,"column":0},"end":{"line":2,"column":52}},"2":{"start":{"line":3,"column":0},"end":{"line":3,"column":52}},"3":{"start":{"line":5,"column":0},"end":{"line":5,"column":81}},"4":{"start":{"line":6,"column":0},"end":{"line":6,"column":67}},"5":{"start":{"line":9,"column":0},"end":{"line":9,"column":60}},"6":{"start":{"line":10,"column":0},"end":{"line":10,"column":72}},"7":{"start":{"line":13,"column":0},"end":{"line":47,"column":null}},"8":{"start":{"line":23,"column":4},"end":{"line":31,"column":7}},"9":{"start":{"line":26,"column":10},"end":{"line":26,"column":43}},"10":{"start":{"line":19,"column":21},"end":{"line":19,"column":40}},"11":{"start":{"line":20,"column":21},"end":{"line":20,"column":29}},"12":{"start":{"line":21,"column":21},"end":{"line":21,"column":39}},"13":{"start":{"line":35,"column":25},"end":{"line":35,"column":49}},"14":{"start":{"line":36,"column":17},"end":{"line":38,"column":67}},"15":{"start":{"line":39,"column":4},"end":{"line":44,"column":null}},"16":{"start":{"line":40,"column":6},"end":{"line":40,"column":76}},"17":{"start":{"line":41,"column":6},"end":{"line":43,"column":9}},"18":{"start":{"line":45,"column":4},"end":{"line":45,"column":16}},"19":{"start":{"line":13,"column":13},"end":{"line":47,"column":null}},"20":{"start":{"line":13,"column":13},"end":{"line":13,"column":36}}},"fnMap":{"0":{"name":"(anonymous_4)","decl":{"start":{"line":17,"column":2},"end":{"line":17,"column":null}},"loc":{"start":{"line":21,"column":56},"end":{"line":32,"column":3}}},"1":{"name":"(anonymous_5)","decl":{"start":{"line":25,"column":8},"end":{"line":25,"column":9}},"loc":{"start":{"line":25,"column":29},"end":{"line":27,"column":9}}},"2":{"name":"(anonymous_6)","decl":{"start":{"line":34,"column":2},"end":{"line":34,"column":7}},"loc":{"start":{"line":34,"column":56},"end":{"line":46,"column":3}}}},"branchMap":{"0":{"loc":{"start":{"line":26,"column":33},"end":{"line":26,"column":35}},"type":"cond-expr","locations":[{"start":{"line":26,"column":33},"end":{"line":26,"column":35}},{"start":{"line":26,"column":33},"end":{"line":26,"column":42}}]},"1":{"loc":{"start":{"line":26,"column":17},"end":{"line":26,"column":35}},"type":"binary-expr","locations":[{"start":{"line":26,"column":17},"end":{"line":26,"column":35}},{"start":{"line":26,"column":33},"end":{"line":26,"column":35}}]},"2":{"loc":{"start":{"line":26,"column":24},"end":{"line":26,"column":26}},"type":"cond-expr","locations":[{"start":{"line":26,"column":24},"end":{"line":26,"column":26}},{"start":{"line":26,"column":17},"end":{"line":26,"column":33}}]},"3":{"loc":{"start":{"line":26,"column":17},"end":{"line":26,"column":26}},"type":"binary-expr","locations":[{"start":{"line":26,"column":17},"end":{"line":26,"column":26}},{"start":{"line":26,"column":17},"end":{"line":26,"column":26}}]},"4":{"loc":{"start":{"line":35,"column":40},"end":{"line":35,"column":42}},"type":"cond-expr","locations":[{"start":{"line":35,"column":40},"end":{"line":35,"column":42}},{"start":{"line":35,"column":40},"end":{"line":35,"column":49}}]},"5":{"loc":{"start":{"line":35,"column":25},"end":{"line":35,"column":42}},"type":"binary-expr","locations":[{"start":{"line":35,"column":25},"end":{"line":35,"column":42}},{"start":{"line":35,"column":40},"end":{"line":35,"column":42}}]},"6":{"loc":{"start":{"line":39,"column":4},"end":{"line":44,"column":null}},"type":"if","locations":[{"start":{"line":39,"column":4},"end":{"line":44,"column":null}},{"start":{"line":39,"column":4},"end":{"line":44,"column":null}}]}},"s":{"0":1,"1":1,"2":1,"3":1,"4":1,"5":1,"6":1,"7":1,"8":1,"9":0,"10":1,"11":1,"12":1,"13":0,"14":0,"15":0,"16":0,"17":0,"18":0,"19":1,"20":1},"f":{"0":1,"1":0,"2":0},"b":{"0":[0,0],"1":[0,0],"2":[0,0],"3":[0,0],"4":[0,0],"5":[0,0],"6":[0,0]}}
,"/home/thiago.ferraz/Documentos/soha/api-projetct/src/infrastructure/common/strategies/local.strategy.ts": {"path":"/home/thiago.ferraz/Documentos/soha/api-projetct/src/infrastructure/common/strategies/local.strategy.ts","statementMap":{"0":{"start":{"line":1,"column":0},"end":{"line":1,"column":42}},"1":{"start":{"line":2,"column":0},"end":{"line":2,"column":52}},"2":{"start":{"line":3,"column":0},"end":{"line":3,"column":52}},"3":{"start":{"line":4,"column":0},"end":{"line":4,"column":81}},"4":{"start":{"line":5,"column":0},"end":{"line":5,"column":67}},"5":{"start":{"line":7,"column":0},"end":{"line":7,"column":60}},"6":{"start":{"line":8,"column":0},"end":{"line":8,"column":72}},"7":{"start":{"line":12,"column":0},"end":{"line":41,"column":null}},"8":{"start":{"line":19,"column":4},"end":{"line":19,"column":12}},"9":{"start":{"line":15,"column":21},"end":{"line":15,"column":40}},"10":{"start":{"line":16,"column":21},"end":{"line":16,"column":29}},"11":{"start":{"line":17,"column":21},"end":{"line":17,"column":39}},"12":{"start":{"line":23,"column":4},"end":{"line":29,"column":null}},"13":{"start":{"line":24,"column":6},"end":{"line":27,"column":8}},"14":{"start":{"line":28,"column":6},"end":{"line":28,"column":52}},"15":{"start":{"line":30,"column":17},"end":{"line":32,"column":56}},"16":{"start":{"line":33,"column":4},"end":{"line":38,"column":null}},"17":{"start":{"line":34,"column":6},"end":{"line":34,"column":72}},"18":{"start":{"line":35,"column":6},"end":{"line":37,"column":9}},"19":{"start":{"line":39,"column":4},"end":{"line":39,"column":16}},"20":{"start":{"line":12,"column":13},"end":{"line":41,"column":null}},"21":{"start":{"line":12,"column":13},"end":{"line":12,"column":26}}},"fnMap":{"0":{"name":"(anonymous_4)","decl":{"start":{"line":13,"column":2},"end":{"line":13,"column":null}},"loc":{"start":{"line":17,"column":56},"end":{"line":20,"column":3}}},"1":{"name":"(anonymous_5)","decl":{"start":{"line":22,"column":2},"end":{"line":22,"column":7}},"loc":{"start":{"line":22,"column":51},"end":{"line":40,"column":3}}}},"branchMap":{"0":{"loc":{"start":{"line":23,"column":4},"end":{"line":29,"column":null}},"type":"if","locations":[{"start":{"line":23,"column":4},"end":{"line":29,"column":null}},{"start":{"line":23,"column":4},"end":{"line":29,"column":null}}]},"1":{"loc":{"start":{"line":23,"column":8},"end":{"line":23,"column":17}},"type":"binary-expr","locations":[{"start":{"line":23,"column":8},"end":{"line":23,"column":17}},{"start":{"line":23,"column":21},"end":{"line":23,"column":30}}]},"2":{"loc":{"start":{"line":33,"column":4},"end":{"line":38,"column":null}},"type":"if","locations":[{"start":{"line":33,"column":4},"end":{"line":38,"column":null}},{"start":{"line":33,"column":4},"end":{"line":38,"column":null}}]}},"s":{"0":1,"1":1,"2":1,"3":1,"4":1,"5":1,"6":1,"7":1,"8":1,"9":1,"10":1,"11":1,"12":2,"13":0,"14":0,"15":2,"16":2,"17":1,"18":1,"19":1,"20":1,"21":1},"f":{"0":1,"1":2},"b":{"0":[0,2],"1":[2,2],"2":[1,1]}}
,"/home/thiago.ferraz/Documentos/soha/api-projetct/src/infrastructure/common/swagger/response.decorator.ts": {"path":"/home/thiago.ferraz/Documentos/soha/api-projetct/src/infrastructure/common/swagger/response.decorator.ts","statementMap":{"0":{"start":{"line":1,"column":0},"end":{"line":1,"column":55}},"1":{"start":{"line":2,"column":0},"end":{"line":2,"column":63}},"2":{"start":{"line":3,"column":0},"end":{"line":3,"column":80}},"3":{"start":{"line":5,"column":31},"end":{"line":27,"column":1}},"4":{"start":{"line":6,"column":2},"end":{"line":26,"column":4}},"5":{"start":{"line":5,"column":13},"end":{"line":5,"column":31}}},"fnMap":{"0":{"name":"(anonymous_0)","decl":{"start":{"line":5,"column":31},"end":{"line":5,"column":58}},"loc":{"start":{"line":5,"column":93},"end":{"line":27,"column":1}}}},"branchMap":{},"s":{"0":1,"1":1,"2":1,"3":1,"4":1,"5":1},"f":{"0":1},"b":{}}
,"/home/thiago.ferraz/Documentos/soha/api-projetct/src/infrastructure/config/typeorm/typeorm.module.ts": {"path":"/home/thiago.ferraz/Documentos/soha/api-projetct/src/infrastructure/config/typeorm/typeorm.module.ts","statementMap":{"0":{"start":{"line":1,"column":0},"end":{"line":1,"column":40}},"1":{"start":{"line":2,"column":0},"end":{"line":2,"column":70}},"2":{"start":{"line":4,"column":39},"end":{"line":15,"column":29}},"3":{"start":{"line":5,"column":3},"end":{"line":15,"column":29}},"4":{"start":{"line":4,"column":13},"end":{"line":4,"column":39}},"5":{"start":{"line":24,"column":0},"end":{"line":24,"column":null}},"6":{"start":{"line":24,"column":13},"end":{"line":24,"column":null}},"7":{"start":{"line":24,"column":13},"end":{"line":24,"column":32}}},"fnMap":{"0":{"name":"(anonymous_1)","decl":{"start":{"line":4,"column":39},"end":{"line":4,"column":64}},"loc":{"start":{"line":5,"column":3},"end":{"line":15,"column":29}}}},"branchMap":{},"s":{"0":1,"1":1,"2":1,"3":1,"4":1,"5":1,"6":1,"7":1},"f":{"0":1},"b":{}}
,"/home/thiago.ferraz/Documentos/soha/api-projetct/src/infrastructure/controllers/controllers.module.ts": {"path":"/home/thiago.ferraz/Documentos/soha/api-projetct/src/infrastructure/controllers/controllers.module.ts","statementMap":{"0":{"start":{"line":1,"column":0},"end":{"line":1,"column":40}},"1":{"start":{"line":2,"column":0},"end":{"line":2,"column":78}},"2":{"start":{"line":3,"column":0},"end":{"line":3,"column":56}},"3":{"start":{"line":9,"column":0},"end":{"line":9,"column":null}},"4":{"start":{"line":9,"column":13},"end":{"line":9,"column":null}},"5":{"start":{"line":9,"column":13},"end":{"line":9,"column":30}}},"fnMap":{},"branchMap":{},"s":{"0":1,"1":1,"2":1,"3":1,"4":1,"5":1},"f":{},"b":{}}
,"/home/thiago.ferraz/Documentos/soha/api-projetct/src/infrastructure/controllers/auth/auth-dto.class.ts": {"path":"/home/thiago.ferraz/Documentos/soha/api-projetct/src/infrastructure/controllers/auth/auth-dto.class.ts","statementMap":{"0":{"start":{"line":1,"column":0},"end":{"line":1,"column":46}},"1":{"start":{"line":2,"column":0},"end":{"line":2,"column":55}},"2":{"start":{"line":8,"column":2},"end":{"line":8,"column":null}},"3":{"start":{"line":13,"column":2},"end":{"line":13,"column":null}},"4":{"start":{"line":4,"column":0},"end":{"line":4,"column":13}}},"fnMap":{},"branchMap":{},"s":{"0":1,"1":1,"2":1,"3":1,"4":1},"f":{},"b":{}}
,"/home/thiago.ferraz/Documentos/soha/api-projetct/src/infrastructure/controllers/auth/auth.controller.ts": {"path":"/home/thiago.ferraz/Documentos/soha/api-projetct/src/infrastructure/controllers/auth/auth.controller.ts","statementMap":{"0":{"start":{"line":1,"column":0},"end":{"line":1,"column":null}},"1":{"start":{"line":11,"column":0},"end":{"line":11,"column":null}},"2":{"start":{"line":20,"column":0},"end":{"line":20,"column":48}},"3":{"start":{"line":21,"column":0},"end":{"line":21,"column":51}},"4":{"start":{"line":23,"column":0},"end":{"line":23,"column":67}},"5":{"start":{"line":24,"column":0},"end":{"line":24,"column":65}},"6":{"start":{"line":25,"column":0},"end":{"line":25,"column":61}},"7":{"start":{"line":27,"column":0},"end":{"line":27,"column":67}},"8":{"start":{"line":28,"column":0},"end":{"line":28,"column":81}},"9":{"start":{"line":33,"column":0},"end":{"line":33,"column":74}},"10":{"start":{"line":43,"column":0},"end":{"line":104,"column":null}},"11":{"start":{"line":46,"column":21},"end":{"line":46,"column":40}},"12":{"start":{"line":48,"column":21},"end":{"line":48,"column":41}},"13":{"start":{"line":50,"column":21},"end":{"line":50,"column":41}},"14":{"start":{"line":59,"column":30},"end":{"line":61,"column":42}},"15":{"start":{"line":62,"column":31},"end":{"line":64,"column":49}},"16":{"start":{"line":66,"column":4},"end":{"line":69,"column":6}},"17":{"start":{"line":76,"column":4},"end":{"line":76,"column":58}},"18":{"start":{"line":77,"column":4},"end":{"line":77,"column":40}},"19":{"start":{"line":86,"column":17},"end":{"line":88,"column":37}},"20":{"start":{"line":89,"column":21},"end":{"line":89,"column":42}},"21":{"start":{"line":90,"column":4},"end":{"line":90,"column":38}},"22":{"start":{"line":91,"column":4},"end":{"line":91,"column":20}},"23":{"start":{"line":98,"column":30},"end":{"line":100,"column":50}},"24":{"start":{"line":102,"column":4},"end":{"line":102,"column":29}},"25":{"start":{"line":58,"column":2},"end":{"line":70,"column":null}},"26":{"start":{"line":75,"column":2},"end":{"line":78,"column":null}},"27":{"start":{"line":85,"column":2},"end":{"line":92,"column":null}},"28":{"start":{"line":97,"column":2},"end":{"line":103,"column":null}},"29":{"start":{"line":43,"column":13},"end":{"line":104,"column":null}},"30":{"start":{"line":43,"column":13},"end":{"line":43,"column":27}}},"fnMap":{"0":{"name":"(anonymous_4)","decl":{"start":{"line":44,"column":2},"end":{"line":44,"column":null}},"loc":{"start":{"line":50,"column":78},"end":{"line":51,"column":6}}},"1":{"name":"(anonymous_5)","decl":{"start":{"line":58,"column":2},"end":{"line":58,"column":7}},"loc":{"start":{"line":58,"column":40},"end":{"line":70,"column":3}}},"2":{"name":"(anonymous_6)","decl":{"start":{"line":75,"column":2},"end":{"line":75,"column":7}},"loc":{"start":{"line":75,"column":14},"end":{"line":78,"column":3}}},"3":{"name":"(anonymous_7)","decl":{"start":{"line":85,"column":2},"end":{"line":85,"column":7}},"loc":{"start":{"line":85,"column":43},"end":{"line":92,"column":3}}},"4":{"name":"(anonymous_8)","decl":{"start":{"line":97,"column":2},"end":{"line":97,"column":7}},"loc":{"start":{"line":97,"column":35},"end":{"line":103,"column":3}}}},"branchMap":{},"s":{"0":1,"1":1,"2":1,"3":1,"4":1,"5":1,"6":1,"7":1,"8":1,"9":1,"10":1,"11":1,"12":1,"13":1,"14":1,"15":1,"16":1,"17":0,"18":0,"19":0,"20":0,"21":0,"22":0,"23":1,"24":1,"25":1,"26":1,"27":1,"28":1,"29":1,"30":1},"f":{"0":1,"1":1,"2":0,"3":0,"4":1},"b":{}}
,"/home/thiago.ferraz/Documentos/soha/api-projetct/src/infrastructure/controllers/auth/auth.presenter.ts": {"path":"/home/thiago.ferraz/Documentos/soha/api-projetct/src/infrastructure/controllers/auth/auth.presenter.ts","statementMap":{"0":{"start":{"line":1,"column":0},"end":{"line":1,"column":46}},"1":{"start":{"line":5,"column":2},"end":{"line":5,"column":null}},"2":{"start":{"line":3,"column":0},"end":{"line":3,"column":13}}},"fnMap":{},"branchMap":{},"s":{"0":1,"1":1,"2":1},"f":{},"b":{}}
,"/home/thiago.ferraz/Documentos/soha/api-projetct/src/infrastructure/entities/user.entity.ts": {"path":"/home/thiago.ferraz/Documentos/soha/api-projetct/src/infrastructure/entities/user.entity.ts","statementMap":{"0":{"start":{"line":1,"column":0},"end":{"line":1,"column":null}},"1":{"start":{"line":10,"column":0},"end":{"line":26,"column":null}},"2":{"start":{"line":12,"column":2},"end":{"line":12,"column":null}},"3":{"start":{"line":16,"column":2},"end":{"line":16,"column":null}},"4":{"start":{"line":19,"column":2},"end":{"line":19,"column":null}},"5":{"start":{"line":22,"column":2},"end":{"line":22,"column":null}},"6":{"start":{"line":25,"column":2},"end":{"line":25,"column":null}},"7":{"start":{"line":10,"column":13},"end":{"line":26,"column":null}},"8":{"start":{"line":10,"column":13},"end":{"line":10,"column":17}}},"fnMap":{},"branchMap":{},"s":{"0":1,"1":1,"2":1,"3":1,"4":1,"5":1,"6":1,"7":1,"8":1},"f":{},"b":{}}
,"/home/thiago.ferraz/Documentos/soha/api-projetct/src/infrastructure/exceptions/exceptions.module.ts": {"path":"/home/thiago.ferraz/Documentos/soha/api-projetct/src/infrastructure/exceptions/exceptions.module.ts","statementMap":{"0":{"start":{"line":1,"column":0},"end":{"line":1,"column":40}},"1":{"start":{"line":2,"column":0},"end":{"line":2,"column":57}},"2":{"start":{"line":8,"column":0},"end":{"line":8,"column":null}},"3":{"start":{"line":8,"column":13},"end":{"line":8,"column":null}},"4":{"start":{"line":8,"column":13},"end":{"line":8,"column":29}}},"fnMap":{},"branchMap":{},"s":{"0":1,"1":1,"2":1,"3":1,"4":1},"f":{},"b":{}}
,"/home/thiago.ferraz/Documentos/soha/api-projetct/src/infrastructure/exceptions/exceptions.service.ts": {"path":"/home/thiago.ferraz/Documentos/soha/api-projetct/src/infrastructure/exceptions/exceptions.service.ts","statementMap":{"0":{"start":{"line":1,"column":0},"end":{"line":1,"column":null}},"1":{"start":{"line":11,"column":0},"end":{"line":24,"column":null}},"2":{"start":{"line":13,"column":4},"end":{"line":13,"column":40}},"3":{"start":{"line":16,"column":4},"end":{"line":16,"column":49}},"4":{"start":{"line":19,"column":4},"end":{"line":19,"column":39}},"5":{"start":{"line":22,"column":4},"end":{"line":22,"column":42}},"6":{"start":{"line":11,"column":13},"end":{"line":24,"column":null}},"7":{"start":{"line":11,"column":13},"end":{"line":11,"column":30}}},"fnMap":{"0":{"name":"(anonymous_1)","decl":{"start":{"line":12,"column":2},"end":{"line":12,"column":21}},"loc":{"start":{"line":12,"column":51},"end":{"line":14,"column":3}}},"1":{"name":"(anonymous_2)","decl":{"start":{"line":15,"column":2},"end":{"line":15,"column":30}},"loc":{"start":{"line":15,"column":61},"end":{"line":17,"column":3}}},"2":{"name":"(anonymous_3)","decl":{"start":{"line":18,"column":2},"end":{"line":18,"column":20}},"loc":{"start":{"line":18,"column":51},"end":{"line":20,"column":3}}},"3":{"name":"(anonymous_4)","decl":{"start":{"line":21,"column":2},"end":{"line":21,"column":23}},"loc":{"start":{"line":21,"column":54},"end":{"line":23,"column":3}}}},"branchMap":{},"s":{"0":1,"1":1,"2":0,"3":0,"4":0,"5":1,"6":1,"7":1},"f":{"0":0,"1":0,"2":0,"3":1},"b":{}}
,"/home/thiago.ferraz/Documentos/soha/api-projetct/src/infrastructure/logger/logger.module.ts": {"path":"/home/thiago.ferraz/Documentos/soha/api-projetct/src/infrastructure/logger/logger.module.ts","statementMap":{"0":{"start":{"line":1,"column":0},"end":{"line":1,"column":40}},"1":{"start":{"line":2,"column":0},"end":{"line":2,"column":49}},"2":{"start":{"line":8,"column":0},"end":{"line":8,"column":null}},"3":{"start":{"line":8,"column":13},"end":{"line":8,"column":null}},"4":{"start":{"line":8,"column":13},"end":{"line":8,"column":25}}},"fnMap":{},"branchMap":{},"s":{"0":1,"1":1,"2":1,"3":1,"4":1},"f":{},"b":{}}
,"/home/thiago.ferraz/Documentos/soha/api-projetct/src/infrastructure/logger/logger.service.ts": {"path":"/home/thiago.ferraz/Documentos/soha/api-projetct/src/infrastructure/logger/logger.service.ts","statementMap":{"0":{"start":{"line":1,"column":0},"end":{"line":1,"column":52}},"1":{"start":{"line":5,"column":0},"end":{"line":25,"column":null}},"2":{"start":{"line":7,"column":4},"end":{"line":9,"column":null}},"3":{"start":{"line":8,"column":6},"end":{"line":8,"column":49}},"4":{"start":{"line":12,"column":4},"end":{"line":12,"column":44}},"5":{"start":{"line":15,"column":4},"end":{"line":15,"column":54}},"6":{"start":{"line":18,"column":4},"end":{"line":18,"column":45}},"7":{"start":{"line":21,"column":4},"end":{"line":23,"column":null}},"8":{"start":{"line":22,"column":6},"end":{"line":22,"column":53}},"9":{"start":{"line":5,"column":13},"end":{"line":25,"column":null}},"10":{"start":{"line":5,"column":13},"end":{"line":5,"column":26}}},"fnMap":{"0":{"name":"(anonymous_1)","decl":{"start":{"line":6,"column":2},"end":{"line":6,"column":7}},"loc":{"start":{"line":6,"column":40},"end":{"line":10,"column":3}}},"1":{"name":"(anonymous_2)","decl":{"start":{"line":11,"column":2},"end":{"line":11,"column":5}},"loc":{"start":{"line":11,"column":38},"end":{"line":13,"column":3}}},"2":{"name":"(anonymous_3)","decl":{"start":{"line":14,"column":2},"end":{"line":14,"column":7}},"loc":{"start":{"line":14,"column":56},"end":{"line":16,"column":3}}},"3":{"name":"(anonymous_4)","decl":{"start":{"line":17,"column":2},"end":{"line":17,"column":6}},"loc":{"start":{"line":17,"column":39},"end":{"line":19,"column":3}}},"4":{"name":"(anonymous_5)","decl":{"start":{"line":20,"column":2},"end":{"line":20,"column":9}},"loc":{"start":{"line":20,"column":42},"end":{"line":24,"column":3}}}},"branchMap":{"0":{"loc":{"start":{"line":7,"column":4},"end":{"line":9,"column":null}},"type":"if","locations":[{"start":{"line":7,"column":4},"end":{"line":9,"column":null}},{"start":{"line":7,"column":4},"end":{"line":9,"column":null}}]},"1":{"loc":{"start":{"line":21,"column":4},"end":{"line":23,"column":null}},"type":"if","locations":[{"start":{"line":21,"column":4},"end":{"line":23,"column":null}},{"start":{"line":21,"column":4},"end":{"line":23,"column":null}}]}},"s":{"0":1,"1":1,"2":0,"3":0,"4":0,"5":0,"6":1,"7":0,"8":0,"9":1,"10":1},"f":{"0":0,"1":0,"2":0,"3":1,"4":0},"b":{"0":[0,0],"1":[0,0]}}
,"/home/thiago.ferraz/Documentos/soha/api-projetct/src/infrastructure/repositories/repositories.module.ts": {"path":"/home/thiago.ferraz/Documentos/soha/api-projetct/src/infrastructure/repositories/repositories.module.ts","statementMap":{"0":{"start":{"line":1,"column":0},"end":{"line":1,"column":40}},"1":{"start":{"line":2,"column":0},"end":{"line":2,"column":48}},"2":{"start":{"line":3,"column":0},"end":{"line":3,"column":71}},"3":{"start":{"line":4,"column":0},"end":{"line":4,"column":47}},"4":{"start":{"line":5,"column":0},"end":{"line":5,"column":59}},"5":{"start":{"line":12,"column":0},"end":{"line":12,"column":null}},"6":{"start":{"line":12,"column":13},"end":{"line":12,"column":null}},"7":{"start":{"line":12,"column":13},"end":{"line":12,"column":31}}},"fnMap":{},"branchMap":{},"s":{"0":1,"1":1,"2":1,"3":1,"4":1,"5":1,"6":1,"7":1},"f":{},"b":{}}
,"/home/thiago.ferraz/Documentos/soha/api-projetct/src/infrastructure/repositories/user.repository.ts": {"path":"/home/thiago.ferraz/Documentos/soha/api-projetct/src/infrastructure/repositories/user.repository.ts","statementMap":{"0":{"start":{"line":1,"column":0},"end":{"line":1,"column":44}},"1":{"start":{"line":2,"column":0},"end":{"line":2,"column":51}},"2":{"start":{"line":3,"column":0},"end":{"line":3,"column":37}},"3":{"start":{"line":4,"column":0},"end":{"line":4,"column":48}},"4":{"start":{"line":6,"column":0},"end":{"line":6,"column":47}},"5":{"start":{"line":9,"column":0},"end":{"line":57,"column":null}},"6":{"start":{"line":12,"column":21},"end":{"line":12,"column":43}},"7":{"start":{"line":18,"column":4},"end":{"line":23,"column":6}},"8":{"start":{"line":26,"column":28},"end":{"line":30,"column":6}},"9":{"start":{"line":32,"column":4},"end":{"line":34,"column":null}},"10":{"start":{"line":33,"column":6},"end":{"line":33,"column":18}},"11":{"start":{"line":35,"column":4},"end":{"line":35,"column":40}},"12":{"start":{"line":38,"column":4},"end":{"line":43,"column":6}},"13":{"start":{"line":47,"column":29},"end":{"line":47,"column":40}},"14":{"start":{"line":49,"column":4},"end":{"line":49,"column":38}},"15":{"start":{"line":50,"column":4},"end":{"line":50,"column":50}},"16":{"start":{"line":51,"column":4},"end":{"line":51,"column":50}},"17":{"start":{"line":52,"column":4},"end":{"line":52,"column":56}},"18":{"start":{"line":53,"column":4},"end":{"line":53,"column":68}},"19":{"start":{"line":55,"column":4},"end":{"line":55,"column":21}},"20":{"start":{"line":9,"column":13},"end":{"line":57,"column":null}},"21":{"start":{"line":9,"column":13},"end":{"line":9,"column":35}}},"fnMap":{"0":{"name":"(anonymous_4)","decl":{"start":{"line":10,"column":2},"end":{"line":10,"column":null}},"loc":{"start":{"line":12,"column":59},"end":{"line":13,"column":6}}},"1":{"name":"(anonymous_5)","decl":{"start":{"line":14,"column":2},"end":{"line":14,"column":7}},"loc":{"start":{"line":16,"column":24},"end":{"line":24,"column":3}}},"2":{"name":"(anonymous_6)","decl":{"start":{"line":25,"column":2},"end":{"line":25,"column":7}},"loc":{"start":{"line":25,"column":42},"end":{"line":36,"column":3}}},"3":{"name":"(anonymous_7)","decl":{"start":{"line":37,"column":2},"end":{"line":37,"column":7}},"loc":{"start":{"line":37,"column":40},"end":{"line":44,"column":3}}},"4":{"name":"(anonymous_8)","decl":{"start":{"line":46,"column":10},"end":{"line":46,"column":16}},"loc":{"start":{"line":46,"column":38},"end":{"line":56,"column":3}}}},"branchMap":{"0":{"loc":{"start":{"line":32,"column":4},"end":{"line":34,"column":null}},"type":"if","locations":[{"start":{"line":32,"column":4},"end":{"line":34,"column":null}},{"start":{"line":32,"column":4},"end":{"line":34,"column":null}}]}},"s":{"0":1,"1":1,"2":1,"3":1,"4":1,"5":1,"6":1,"7":0,"8":0,"9":0,"10":0,"11":0,"12":0,"13":0,"14":0,"15":0,"16":0,"17":0,"18":0,"19":0,"20":1,"21":1},"f":{"0":1,"1":0,"2":0,"3":0,"4":0},"b":{"0":[0,0]}}
,"/home/thiago.ferraz/Documentos/soha/api-projetct/src/infrastructure/services/bcrypt/bcrypt.module.ts": {"path":"/home/thiago.ferraz/Documentos/soha/api-projetct/src/infrastructure/services/bcrypt/bcrypt.module.ts","statementMap":{"0":{"start":{"line":1,"column":0},"end":{"line":1,"column":40}},"1":{"start":{"line":2,"column":0},"end":{"line":2,"column":49}},"2":{"start":{"line":8,"column":0},"end":{"line":8,"column":null}},"3":{"start":{"line":8,"column":13},"end":{"line":8,"column":null}},"4":{"start":{"line":8,"column":13},"end":{"line":8,"column":25}}},"fnMap":{},"branchMap":{},"s":{"0":1,"1":1,"2":1,"3":1,"4":1},"f":{},"b":{}}
,"/home/thiago.ferraz/Documentos/soha/api-projetct/src/infrastructure/services/bcrypt/bcrypt.service.ts": {"path":"/home/thiago.ferraz/Documentos/soha/api-projetct/src/infrastructure/services/bcrypt/bcrypt.service.ts","statementMap":{"0":{"start":{"line":1,"column":0},"end":{"line":1,"column":44}},"1":{"start":{"line":2,"column":0},"end":{"line":2,"column":33}},"2":{"start":{"line":6,"column":0},"end":{"line":16,"column":null}},"3":{"start":{"line":7,"column":2},"end":{"line":7,"column":22}},"4":{"start":{"line":10,"column":4},"end":{"line":10,"column":54}},"5":{"start":{"line":14,"column":4},"end":{"line":14,"column":56}},"6":{"start":{"line":6,"column":13},"end":{"line":16,"column":null}},"7":{"start":{"line":6,"column":13},"end":{"line":6,"column":26}}},"fnMap":{"0":{"name":"(anonymous_1)","decl":{"start":{"line":6,"column":0},"end":{"line":6,"column":13}},"loc":{"start":{"line":6,"column":0},"end":{"line":16,"column":1}}},"1":{"name":"(anonymous_2)","decl":{"start":{"line":9,"column":2},"end":{"line":9,"column":7}},"loc":{"start":{"line":9,"column":31},"end":{"line":11,"column":3}}},"2":{"name":"(anonymous_3)","decl":{"start":{"line":13,"column":2},"end":{"line":13,"column":7}},"loc":{"start":{"line":13,"column":54},"end":{"line":15,"column":3}}}},"branchMap":{},"s":{"0":1,"1":1,"2":1,"3":1,"4":0,"5":0,"6":1,"7":1},"f":{"0":1,"1":0,"2":0},"b":{}}
,"/home/thiago.ferraz/Documentos/soha/api-projetct/src/infrastructure/services/jwt/jwt.module.ts": {"path":"/home/thiago.ferraz/Documentos/soha/api-projetct/src/infrastructure/services/jwt/jwt.module.ts","statementMap":{"0":{"start":{"line":1,"column":0},"end":{"line":1,"column":40}},"1":{"start":{"line":2,"column":0},"end":{"line":2,"column":47}},"2":{"start":{"line":3,"column":0},"end":{"line":3,"column":48}},"3":{"start":{"line":15,"column":0},"end":{"line":15,"column":null}},"4":{"start":{"line":15,"column":13},"end":{"line":15,"column":null}},"5":{"start":{"line":15,"column":13},"end":{"line":15,"column":22}}},"fnMap":{},"branchMap":{},"s":{"0":1,"1":1,"2":1,"3":1,"4":1,"5":1},"f":{},"b":{}}
,"/home/thiago.ferraz/Documentos/soha/api-projetct/src/infrastructure/services/jwt/jwt.service.ts": {"path":"/home/thiago.ferraz/Documentos/soha/api-projetct/src/infrastructure/services/jwt/jwt.service.ts","statementMap":{"0":{"start":{"line":1,"column":0},"end":{"line":1,"column":44}},"1":{"start":{"line":2,"column":0},"end":{"line":2,"column":41}},"2":{"start":{"line":9,"column":0},"end":{"line":27,"column":null}},"3":{"start":{"line":10,"column":31},"end":{"line":10,"column":43}},"4":{"start":{"line":13,"column":19},"end":{"line":13,"column":59}},"5":{"start":{"line":14,"column":4},"end":{"line":14,"column":18}},"6":{"start":{"line":22,"column":4},"end":{"line":25,"column":7}},"7":{"start":{"line":9,"column":13},"end":{"line":27,"column":null}},"8":{"start":{"line":9,"column":13},"end":{"line":9,"column":28}}},"fnMap":{"0":{"name":"(anonymous_2)","decl":{"start":{"line":10,"column":2},"end":{"line":10,"column":31}},"loc":{"start":{"line":10,"column":53},"end":{"line":10,"column":57}}},"1":{"name":"(anonymous_3)","decl":{"start":{"line":12,"column":2},"end":{"line":12,"column":7}},"loc":{"start":{"line":12,"column":32},"end":{"line":15,"column":3}}},"2":{"name":"(anonymous_4)","decl":{"start":{"line":17,"column":2},"end":{"line":17,"column":13}},"loc":{"start":{"line":20,"column":21},"end":{"line":26,"column":3}}}},"branchMap":{},"s":{"0":1,"1":1,"2":1,"3":1,"4":0,"5":0,"6":0,"7":1,"8":1},"f":{"0":1,"1":0,"2":0},"b":{}}
,"/home/thiago.ferraz/Documentos/soha/api-projetct/src/infrastructure/usecases-proxy/usecases-proxy.module.ts": {"path":"/home/thiago.ferraz/Documentos/soha/api-projetct/src/infrastructure/usecases-proxy/usecases-proxy.module.ts","statementMap":{"0":{"start":{"line":1,"column":0},"end":{"line":1,"column":55}},"1":{"start":{"line":2,"column":0},"end":{"line":2,"column":87}},"2":{"start":{"line":3,"column":0},"end":{"line":3,"column":67}},"3":{"start":{"line":4,"column":0},"end":{"line":4,"column":69}},"4":{"start":{"line":6,"column":0},"end":{"line":6,"column":67}},"5":{"start":{"line":7,"column":0},"end":{"line":7,"column":55}},"6":{"start":{"line":8,"column":0},"end":{"line":8,"column":57}},"7":{"start":{"line":10,"column":0},"end":{"line":10,"column":64}},"8":{"start":{"line":11,"column":0},"end":{"line":11,"column":66}},"9":{"start":{"line":12,"column":0},"end":{"line":12,"column":55}},"10":{"start":{"line":13,"column":0},"end":{"line":13,"column":62}},"11":{"start":{"line":14,"column":0},"end":{"line":14,"column":73}},"12":{"start":{"line":16,"column":0},"end":{"line":16,"column":73}},"13":{"start":{"line":18,"column":0},"end":{"line":18,"column":48}},"14":{"start":{"line":29,"column":32},"end":{"line":81,"column":null}},"15":{"start":{"line":36,"column":4},"end":{"line":79,"column":6}},"16":{"start":{"line":53,"column":12},"end":{"line":59,"column":null}},"17":{"start":{"line":66,"column":12},"end":{"line":66,"column":67}},"18":{"start":{"line":71,"column":28},"end":{"line":71,"column":66}},"19":{"start":{"line":31,"column":9},"end":{"line":31,"column":53}},"20":{"start":{"line":32,"column":9},"end":{"line":32,"column":74}},"21":{"start":{"line":33,"column":9},"end":{"line":33,"column":55}},"22":{"start":{"line":29,"column":13},"end":{"line":81,"column":null}},"23":{"start":{"line":29,"column":13},"end":{"line":29,"column":32}}},"fnMap":{"0":{"name":"(anonymous_1)","decl":{"start":{"line":35,"column":2},"end":{"line":35,"column":8}},"loc":{"start":{"line":35,"column":17},"end":{"line":80,"column":3}}},"1":{"name":"(anonymous_2)","decl":{"start":{"line":47,"column":22},"end":{"line":47,"column":null}},"loc":{"start":{"line":53,"column":12},"end":{"line":59,"column":null}}},"2":{"name":"(anonymous_3)","decl":{"start":{"line":65,"column":22},"end":{"line":65,"column":23}},"loc":{"start":{"line":66,"column":12},"end":{"line":66,"column":67}}},"3":{"name":"(anonymous_4)","decl":{"start":{"line":71,"column":22},"end":{"line":71,"column":25}},"loc":{"start":{"line":71,"column":28},"end":{"line":71,"column":66}}}},"branchMap":{},"s":{"0":1,"1":1,"2":1,"3":1,"4":1,"5":1,"6":1,"7":1,"8":1,"9":1,"10":1,"11":1,"12":1,"13":1,"14":1,"15":2,"16":0,"17":0,"18":1,"19":1,"20":1,"21":1,"22":1,"23":1},"f":{"0":2,"1":0,"2":0,"3":1},"b":{}}
,"/home/thiago.ferraz/Documentos/soha/api-projetct/src/infrastructure/usecases-proxy/usecases-proxy.ts": {"path":"/home/thiago.ferraz/Documentos/soha/api-projetct/src/infrastructure/usecases-proxy/usecases-proxy.ts","statementMap":{"0":{"start":{"line":2,"column":31},"end":{"line":2,"column":41}},"1":{"start":{"line":4,"column":4},"end":{"line":4,"column":24}},"2":{"start":{"line":1,"column":0},"end":{"line":1,"column":13}}},"fnMap":{"0":{"name":"(anonymous_0)","decl":{"start":{"line":2,"column":2},"end":{"line":2,"column":31}},"loc":{"start":{"line":2,"column":41},"end":{"line":2,"column":45}}},"1":{"name":"(anonymous_1)","decl":{"start":{"line":3,"column":2},"end":{"line":3,"column":13}},"loc":{"start":{"line":3,"column":13},"end":{"line":5,"column":3}}}},"branchMap":{},"s":{"0":1,"1":0,"2":1},"f":{"0":1,"1":0},"b":{}}
,"/home/thiago.ferraz/Documentos/soha/api-projetct/src/usecases/auth/isAuthenticated.usecases.ts": {"path":"/home/thiago.ferraz/Documentos/soha/api-projetct/src/usecases/auth/isAuthenticated.usecases.ts","statementMap":{"0":{"start":{"line":5,"column":31},"end":{"line":5,"column":60}},"1":{"start":{"line":8,"column":24},"end":{"line":8,"column":76}},"2":{"start":{"line":9,"column":34},"end":{"line":9,"column":38}},"3":{"start":{"line":9,"column":29},"end":{"line":9,"column":34}},"4":{"start":{"line":10,"column":4},"end":{"line":10,"column":16}},"5":{"start":{"line":4,"column":0},"end":{"line":4,"column":13}}},"fnMap":{"0":{"name":"(anonymous_1)","decl":{"start":{"line":5,"column":2},"end":{"line":5,"column":31}},"loc":{"start":{"line":5,"column":60},"end":{"line":5,"column":64}}},"1":{"name":"(anonymous_2)","decl":{"start":{"line":7,"column":2},"end":{"line":7,"column":7}},"loc":{"start":{"line":7,"column":32},"end":{"line":11,"column":3}}}},"branchMap":{},"s":{"0":0,"1":0,"2":0,"3":0,"4":0,"5":1},"f":{"0":0,"1":0},"b":{}}
,"/home/thiago.ferraz/Documentos/soha/api-projetct/src/usecases/auth/login.usecases.ts": {"path":"/home/thiago.ferraz/Documentos/soha/api-projetct/src/usecases/auth/login.usecases.ts","statementMap":{"0":{"start":{"line":11,"column":21},"end":{"line":11,"column":36}},"1":{"start":{"line":12,"column":21},"end":{"line":12,"column":49}},"2":{"start":{"line":13,"column":21},"end":{"line":13,"column":51}},"3":{"start":{"line":14,"column":21},"end":{"line":14,"column":50}},"4":{"start":{"line":18,"column":4},"end":{"line":21,"column":6}},"5":{"start":{"line":22,"column":40},"end":{"line":22,"column":62}},"6":{"start":{"line":23,"column":19},"end":{"line":23,"column":33}},"7":{"start":{"line":24,"column":22},"end":{"line":24,"column":28}},"8":{"start":{"line":25,"column":18},"end":{"line":25,"column":78}},"9":{"start":{"line":26,"column":4},"end":{"line":26,"column":17}},"10":{"start":{"line":30,"column":4},"end":{"line":33,"column":6}},"11":{"start":{"line":34,"column":40},"end":{"line":34,"column":62}},"12":{"start":{"line":35,"column":19},"end":{"line":35,"column":33}},"13":{"start":{"line":36,"column":22},"end":{"line":36,"column":30}},"14":{"start":{"line":37,"column":18},"end":{"line":37,"column":78}},"15":{"start":{"line":38,"column":4},"end":{"line":38,"column":55}},"16":{"start":{"line":39,"column":4},"end":{"line":39,"column":17}},"17":{"start":{"line":43,"column":17},"end":{"line":43,"column":70}},"18":{"start":{"line":44,"column":4},"end":{"line":46,"column":null}},"19":{"start":{"line":45,"column":6},"end":{"line":45,"column":18}},"20":{"start":{"line":47,"column":18},"end":{"line":47,"column":55}},"21":{"start":{"line":48,"column":4},"end":{"line":52,"column":null}},"22":{"start":{"line":49,"column":6},"end":{"line":49,"column":48}},"23":{"start":{"line":50,"column":38},"end":{"line":50,"column":42}},"24":{"start":{"line":50,"column":33},"end":{"line":50,"column":38}},"25":{"start":{"line":51,"column":6},"end":{"line":51,"column":20}},"26":{"start":{"line":53,"column":4},"end":{"line":53,"column":16}},"27":{"start":{"line":57,"column":17},"end":{"line":57,"column":70}},"28":{"start":{"line":58,"column":4},"end":{"line":60,"column":null}},"29":{"start":{"line":59,"column":6},"end":{"line":59,"column":18}},"30":{"start":{"line":61,"column":4},"end":{"line":61,"column":16}},"31":{"start":{"line":65,"column":4},"end":{"line":65,"column":56}},"32":{"start":{"line":69,"column":38},"end":{"line":70,"column":null}},"33":{"start":{"line":72,"column":4},"end":{"line":75,"column":6}},"34":{"start":{"line":79,"column":17},"end":{"line":79,"column":70}},"35":{"start":{"line":80,"column":4},"end":{"line":82,"column":null}},"36":{"start":{"line":81,"column":6},"end":{"line":81,"column":18}},"37":{"start":{"line":84,"column":35},"end":{"line":86,"column":null}},"38":{"start":{"line":88,"column":4},"end":{"line":90,"column":null}},"39":{"start":{"line":89,"column":6},"end":{"line":89,"column":18}},"40":{"start":{"line":92,"column":4},"end":{"line":92,"column":16}},"41":{"start":{"line":9,"column":0},"end":{"line":9,"column":13}}},"fnMap":{"0":{"name":"(anonymous_1)","decl":{"start":{"line":10,"column":2},"end":{"line":10,"column":null}},"loc":{"start":{"line":14,"column":50},"end":{"line":15,"column":6}}},"1":{"name":"(anonymous_2)","decl":{"start":{"line":17,"column":2},"end":{"line":17,"column":7}},"loc":{"start":{"line":17,"column":45},"end":{"line":27,"column":3}}},"2":{"name":"(anonymous_3)","decl":{"start":{"line":29,"column":2},"end":{"line":29,"column":7}},"loc":{"start":{"line":29,"column":52},"end":{"line":40,"column":3}}},"3":{"name":"(anonymous_4)","decl":{"start":{"line":42,"column":2},"end":{"line":42,"column":7}},"loc":{"start":{"line":42,"column":68},"end":{"line":54,"column":3}}},"4":{"name":"(anonymous_5)","decl":{"start":{"line":56,"column":2},"end":{"line":56,"column":7}},"loc":{"start":{"line":56,"column":52},"end":{"line":62,"column":3}}},"5":{"name":"(anonymous_6)","decl":{"start":{"line":64,"column":2},"end":{"line":64,"column":7}},"loc":{"start":{"line":64,"column":40},"end":{"line":66,"column":3}}},"6":{"name":"(anonymous_7)","decl":{"start":{"line":68,"column":2},"end":{"line":68,"column":7}},"loc":{"start":{"line":68,"column":69},"end":{"line":76,"column":3}}},"7":{"name":"(anonymous_8)","decl":{"start":{"line":78,"column":2},"end":{"line":78,"column":7}},"loc":{"start":{"line":78,"column":75},"end":{"line":93,"column":3}}}},"branchMap":{"0":{"loc":{"start":{"line":44,"column":4},"end":{"line":46,"column":null}},"type":"if","locations":[{"start":{"line":44,"column":4},"end":{"line":46,"column":null}},{"start":{"line":44,"column":4},"end":{"line":46,"column":null}}]},"1":{"loc":{"start":{"line":47,"column":43},"end":{"line":47,"column":47}},"type":"cond-expr","locations":[{"start":{"line":47,"column":43},"end":{"line":47,"column":47}},{"start":{"line":47,"column":50},"end":{"line":47,"column":55}}]},"2":{"loc":{"start":{"line":48,"column":4},"end":{"line":52,"column":null}},"type":"if","locations":[{"start":{"line":48,"column":4},"end":{"line":52,"column":null}},{"start":{"line":48,"column":4},"end":{"line":52,"column":null}}]},"3":{"loc":{"start":{"line":48,"column":8},"end":{"line":48,"column":12}},"type":"binary-expr","locations":[{"start":{"line":48,"column":8},"end":{"line":48,"column":12}},{"start":{"line":48,"column":16},"end":{"line":48,"column":21}}]},"4":{"loc":{"start":{"line":58,"column":4},"end":{"line":60,"column":null}},"type":"if","locations":[{"start":{"line":58,"column":4},"end":{"line":60,"column":null}},{"start":{"line":58,"column":4},"end":{"line":60,"column":null}}]},"5":{"loc":{"start":{"line":80,"column":4},"end":{"line":82,"column":null}},"type":"if","locations":[{"start":{"line":80,"column":4},"end":{"line":82,"column":null}},{"start":{"line":80,"column":4},"end":{"line":82,"column":null}}]},"6":{"loc":{"start":{"line":88,"column":4},"end":{"line":90,"column":null}},"type":"if","locations":[{"start":{"line":88,"column":4},"end":{"line":90,"column":null}},{"start":{"line":88,"column":4},"end":{"line":90,"column":null}}]}},"s":{"0":0,"1":0,"2":0,"3":0,"4":0,"5":0,"6":0,"7":0,"8":0,"9":0,"10":0,"11":0,"12":0,"13":0,"14":0,"15":0,"16":0,"17":0,"18":0,"19":0,"20":0,"21":0,"22":0,"23":0,"24":0,"25":0,"26":0,"27":0,"28":0,"29":0,"30":0,"31":0,"32":0,"33":0,"34":0,"35":0,"36":0,"37":0,"38":0,"39":0,"40":0,"41":1},"f":{"0":0,"1":0,"2":0,"3":0,"4":0,"5":0,"6":0,"7":0},"b":{"0":[0,0],"1":[0,0],"2":[0,0],"3":[0,0],"4":[0,0],"5":[0,0],"6":[0,0]}}
,"/home/thiago.ferraz/Documentos/soha/api-projetct/src/usecases/auth/logout.usecases.ts": {"path":"/home/thiago.ferraz/Documentos/soha/api-projetct/src/usecases/auth/logout.usecases.ts","statementMap":{"0":{"start":{"line":5,"column":4},"end":{"line":5,"column":101}},"1":{"start":{"line":1,"column":0},"end":{"line":1,"column":13}}},"fnMap":{"0":{"name":"(anonymous_0)","decl":{"start":{"line":2,"column":2},"end":{"line":2,"column":17}},"loc":{"start":{"line":2,"column":2},"end":{"line":2,"column":18}}},"1":{"name":"(anonymous_1)","decl":{"start":{"line":4,"column":2},"end":{"line":4,"column":7}},"loc":{"start":{"line":4,"column":15},"end":{"line":6,"column":3}}}},"branchMap":{},"s":{"0":0,"1":1},"f":{"0":1,"1":0},"b":{}}
}
