TN:
SF:src/app.module.ts
FNF:0
FNH:0
DA:1,1
DA:2,1
DA:3,1
DA:4,1
DA:5,1
DA:6,1
DA:7,1
DA:8,1
DA:9,1
DA:10,1
DA:11,1
DA:12,1
DA:29,1
LF:13
LH:13
BRF:0
BRH:0
end_of_record
TN:
SF:src/domain/model/user.ts
FNF:0
FNH:0
DA:1,1
DA:9,1
LF:2
LH:2
BRF:0
BRH:0
end_of_record
TN:
SF:src/infrastructure/common/guards/jwtAuth.guard.ts
FNF:0
FNH:0
DA:1,1
DA:2,1
DA:5,1
LF:3
LH:3
BRF:0
BRH:0
end_of_record
TN:
SF:src/infrastructure/common/guards/jwtRefresh.guard.ts
FNF:0
FNH:0
DA:1,1
DA:2,1
DA:5,1
LF:3
LH:3
BRF:0
BRH:0
end_of_record
TN:
SF:src/infrastructure/common/guards/login.guard.ts
FNF:0
FNH:0
DA:1,1
DA:2,1
DA:5,1
LF:3
LH:3
BRF:0
BRH:0
end_of_record
TN:
SF:src/infrastructure/common/interceptors/response.interceptor.ts
FN:28,(anonymous_2)
FN:37,(anonymous_3)
FNF:2
FNH:0
FNDA:0,(anonymous_2)
FNDA:0,(anonymous_3)
DA:1,1
DA:7,1
DA:9,1
DA:11,1
DA:13,1
DA:15,1
DA:17,1
DA:19,1
DA:25,1
DA:32,0
DA:33,0
DA:34,0
DA:36,0
DA:37,0
LF:14
LH:9
BRF:0
BRH:0
end_of_record
TN:
SF:src/infrastructure/common/strategies/jwt.strategy.ts
FN:13,(anonymous_4)
FN:21,(anonymous_5)
FN:29,(anonymous_6)
FNF:3
FNH:1
FNDA:1,(anonymous_4)
FNDA:0,(anonymous_5)
FNDA:0,(anonymous_6)
DA:1,1
DA:2,1
DA:3,1
DA:5,1
DA:6,1
DA:8,1
DA:9,1
DA:12,1
DA:15,1
DA:16,1
DA:17,1
DA:19,1
DA:22,0
DA:30,0
DA:33,0
DA:34,0
DA:35,0
DA:39,0
LF:18
LH:12
BRDA:22,0,0,0
BRDA:22,0,1,0
BRDA:22,1,0,0
BRDA:22,1,1,0
BRDA:22,2,0,0
BRDA:22,2,1,0
BRDA:22,3,0,0
BRDA:22,3,1,0
BRDA:33,4,0,0
BRDA:33,4,1,0
BRF:10
BRH:0
end_of_record
TN:
SF:src/infrastructure/common/strategies/jwtRefresh.strategy.ts
FN:17,(anonymous_4)
FN:25,(anonymous_5)
FN:34,(anonymous_6)
FNF:3
FNH:1
FNDA:1,(anonymous_4)
FNDA:0,(anonymous_5)
FNDA:0,(anonymous_6)
DA:1,1
DA:2,1
DA:3,1
DA:5,1
DA:6,1
DA:9,1
DA:10,1
DA:13,1
DA:19,1
DA:20,1
DA:21,1
DA:23,1
DA:26,0
DA:35,0
DA:36,0
DA:39,0
DA:40,0
DA:41,0
DA:45,0
LF:19
LH:12
BRDA:26,0,0,0
BRDA:26,0,1,0
BRDA:26,1,0,0
BRDA:26,1,1,0
BRDA:26,2,0,0
BRDA:26,2,1,0
BRDA:26,3,0,0
BRDA:26,3,1,0
BRDA:35,4,0,0
BRDA:35,4,1,0
BRDA:35,5,0,0
BRDA:35,5,1,0
BRDA:39,6,0,0
BRDA:39,6,1,0
BRF:14
BRH:0
end_of_record
TN:
SF:src/infrastructure/common/strategies/local.strategy.ts
FN:13,(anonymous_4)
FN:22,(anonymous_5)
FNF:2
FNH:2
FNDA:1,(anonymous_4)
FNDA:2,(anonymous_5)
DA:1,1
DA:2,1
DA:3,1
DA:4,1
DA:5,1
DA:7,1
DA:8,1
DA:12,1
DA:15,1
DA:16,1
DA:17,1
DA:19,1
DA:23,2
DA:24,0
DA:28,0
DA:30,2
DA:33,2
DA:34,1
DA:35,1
DA:39,1
LF:20
LH:18
BRDA:23,0,0,0
BRDA:23,0,1,2
BRDA:23,1,0,2
BRDA:23,1,1,2
BRDA:33,2,0,1
BRDA:33,2,1,1
BRF:6
BRH:5
end_of_record
TN:
SF:src/infrastructure/common/swagger/response.decorator.ts
FN:5,(anonymous_0)
FNF:1
FNH:1
FNDA:1,(anonymous_0)
DA:1,1
DA:2,1
DA:3,1
DA:5,1
DA:6,1
LF:5
LH:5
BRF:0
BRH:0
end_of_record
TN:
SF:src/infrastructure/config/typeorm/typeorm.module.ts
FN:4,(anonymous_1)
FNF:1
FNH:1
FNDA:1,(anonymous_1)
DA:1,1
DA:2,1
DA:4,1
DA:5,1
DA:24,1
LF:5
LH:5
BRF:0
BRH:0
end_of_record
TN:
SF:src/infrastructure/controllers/controllers.module.ts
FNF:0
FNH:0
DA:1,1
DA:2,1
DA:3,1
DA:9,1
LF:4
LH:4
BRF:0
BRH:0
end_of_record
TN:
SF:src/infrastructure/controllers/auth/auth-dto.class.ts
FNF:0
FNH:0
DA:1,1
DA:2,1
DA:4,1
DA:8,1
DA:13,1
LF:5
LH:5
BRF:0
BRH:0
end_of_record
TN:
SF:src/infrastructure/controllers/auth/auth.controller.ts
FN:44,(anonymous_4)
FN:58,(anonymous_5)
FN:75,(anonymous_6)
FN:85,(anonymous_7)
FN:97,(anonymous_8)
FNF:5
FNH:3
FNDA:1,(anonymous_4)
FNDA:1,(anonymous_5)
FNDA:0,(anonymous_6)
FNDA:0,(anonymous_7)
FNDA:1,(anonymous_8)
DA:1,1
DA:11,1
DA:20,1
DA:21,1
DA:23,1
DA:24,1
DA:25,1
DA:27,1
DA:28,1
DA:33,1
DA:43,1
DA:46,1
DA:48,1
DA:50,1
DA:58,1
DA:59,1
DA:62,1
DA:66,1
DA:75,1
DA:76,0
DA:77,0
DA:85,1
DA:86,0
DA:89,0
DA:90,0
DA:91,0
DA:97,1
DA:98,1
DA:102,1
LF:29
LH:23
BRF:0
BRH:0
end_of_record
TN:
SF:src/infrastructure/controllers/auth/auth.presenter.ts
FNF:0
FNH:0
DA:1,1
DA:3,1
DA:5,1
LF:3
LH:3
BRF:0
BRH:0
end_of_record
TN:
SF:src/infrastructure/entities/user.entity.ts
FNF:0
FNH:0
DA:1,1
DA:10,1
DA:12,1
DA:16,1
DA:19,1
DA:22,1
DA:25,1
LF:7
LH:7
BRF:0
BRH:0
end_of_record
TN:
SF:src/infrastructure/exceptions/exceptions.module.ts
FNF:0
FNH:0
DA:1,1
DA:2,1
DA:8,1
LF:3
LH:3
BRF:0
BRH:0
end_of_record
TN:
SF:src/infrastructure/exceptions/exceptions.service.ts
FN:12,(anonymous_1)
FN:15,(anonymous_2)
FN:18,(anonymous_3)
FN:21,(anonymous_4)
FNF:4
FNH:1
FNDA:0,(anonymous_1)
FNDA:0,(anonymous_2)
FNDA:0,(anonymous_3)
FNDA:1,(anonymous_4)
DA:1,1
DA:11,1
DA:13,0
DA:16,0
DA:19,0
DA:22,1
LF:6
LH:3
BRF:0
BRH:0
end_of_record
TN:
SF:src/infrastructure/logger/logger.module.ts
FNF:0
FNH:0
DA:1,1
DA:2,1
DA:8,1
LF:3
LH:3
BRF:0
BRH:0
end_of_record
TN:
SF:src/infrastructure/logger/logger.service.ts
FN:6,(anonymous_1)
FN:11,(anonymous_2)
FN:14,(anonymous_3)
FN:17,(anonymous_4)
FN:20,(anonymous_5)
FNF:5
FNH:1
FNDA:0,(anonymous_1)
FNDA:0,(anonymous_2)
FNDA:0,(anonymous_3)
FNDA:1,(anonymous_4)
FNDA:0,(anonymous_5)
DA:1,1
DA:5,1
DA:7,0
DA:8,0
DA:12,0
DA:15,0
DA:18,1
DA:21,0
DA:22,0
LF:9
LH:3
BRDA:7,0,0,0
BRDA:7,0,1,0
BRDA:21,1,0,0
BRDA:21,1,1,0
BRF:4
BRH:0
end_of_record
TN:
SF:src/infrastructure/repositories/repositories.module.ts
FNF:0
FNH:0
DA:1,1
DA:2,1
DA:3,1
DA:4,1
DA:5,1
DA:12,1
LF:6
LH:6
BRF:0
BRH:0
end_of_record
TN:
SF:src/infrastructure/repositories/user.repository.ts
FN:10,(anonymous_4)
FN:14,(anonymous_5)
FN:25,(anonymous_6)
FN:37,(anonymous_7)
FN:46,(anonymous_8)
FNF:5
FNH:1
FNDA:1,(anonymous_4)
FNDA:0,(anonymous_5)
FNDA:0,(anonymous_6)
FNDA:0,(anonymous_7)
FNDA:0,(anonymous_8)
DA:1,1
DA:2,1
DA:3,1
DA:4,1
DA:6,1
DA:9,1
DA:12,1
DA:18,0
DA:26,0
DA:32,0
DA:33,0
DA:35,0
DA:38,0
DA:47,0
DA:49,0
DA:50,0
DA:51,0
DA:52,0
DA:53,0
DA:55,0
LF:20
LH:7
BRDA:32,0,0,0
BRDA:32,0,1,0
BRF:2
BRH:0
end_of_record
TN:
SF:src/infrastructure/services/bcrypt/bcrypt.module.ts
FNF:0
FNH:0
DA:1,1
DA:2,1
DA:8,1
LF:3
LH:3
BRF:0
BRH:0
end_of_record
TN:
SF:src/infrastructure/services/bcrypt/bcrypt.service.ts
FN:6,(anonymous_1)
FN:9,(anonymous_2)
FN:13,(anonymous_3)
FNF:3
FNH:1
FNDA:1,(anonymous_1)
FNDA:0,(anonymous_2)
FNDA:0,(anonymous_3)
DA:1,1
DA:2,1
DA:6,1
DA:7,1
DA:10,0
DA:14,0
LF:6
LH:4
BRF:0
BRH:0
end_of_record
TN:
SF:src/infrastructure/services/jwt/jwt.module.ts
FNF:0
FNH:0
DA:1,1
DA:2,1
DA:3,1
DA:15,1
LF:4
LH:4
BRF:0
BRH:0
end_of_record
TN:
SF:src/infrastructure/services/jwt/jwt.service.ts
FN:10,(anonymous_2)
FN:12,(anonymous_3)
FN:17,(anonymous_4)
FNF:3
FNH:1
FNDA:1,(anonymous_2)
FNDA:0,(anonymous_3)
FNDA:0,(anonymous_4)
DA:1,1
DA:2,1
DA:9,1
DA:10,1
DA:13,0
DA:14,0
DA:22,0
LF:7
LH:4
BRF:0
BRH:0
end_of_record
TN:
SF:src/infrastructure/usecases-proxy/usecases-proxy.module.ts
FN:35,(anonymous_1)
FN:47,(anonymous_2)
FN:65,(anonymous_3)
FN:71,(anonymous_4)
FNF:4
FNH:2
FNDA:2,(anonymous_1)
FNDA:0,(anonymous_2)
FNDA:0,(anonymous_3)
FNDA:1,(anonymous_4)
DA:1,1
DA:2,1
DA:3,1
DA:4,1
DA:6,1
DA:7,1
DA:8,1
DA:10,1
DA:11,1
DA:12,1
DA:13,1
DA:14,1
DA:16,1
DA:18,1
DA:29,1
DA:31,1
DA:32,1
DA:33,1
DA:36,2
DA:53,0
DA:66,0
DA:71,1
LF:22
LH:20
BRF:0
BRH:0
end_of_record
TN:
SF:src/infrastructure/usecases-proxy/usecases-proxy.ts
FN:2,(anonymous_0)
FN:3,(anonymous_1)
FNF:2
FNH:1
FNDA:1,(anonymous_0)
FNDA:0,(anonymous_1)
DA:1,1
DA:2,1
DA:4,0
LF:3
LH:2
BRF:0
BRH:0
end_of_record
TN:
SF:src/usecases/auth/isAuthenticated.usecases.ts
FN:5,(anonymous_1)
FN:7,(anonymous_2)
FNF:2
FNH:0
FNDA:0,(anonymous_1)
FNDA:0,(anonymous_2)
DA:4,1
DA:5,0
DA:8,0
DA:9,0
DA:10,0
LF:5
LH:1
BRF:0
BRH:0
end_of_record
TN:
SF:src/usecases/auth/login.usecases.ts
FN:10,(anonymous_1)
FN:17,(anonymous_2)
FN:29,(anonymous_3)
FN:42,(anonymous_4)
FN:56,(anonymous_5)
FN:64,(anonymous_6)
FN:68,(anonymous_7)
FN:78,(anonymous_8)
FNF:8
FNH:0
FNDA:0,(anonymous_1)
FNDA:0,(anonymous_2)
FNDA:0,(anonymous_3)
FNDA:0,(anonymous_4)
FNDA:0,(anonymous_5)
FNDA:0,(anonymous_6)
FNDA:0,(anonymous_7)
FNDA:0,(anonymous_8)
DA:9,1
DA:11,0
DA:12,0
DA:13,0
DA:14,0
DA:18,0
DA:22,0
DA:23,0
DA:24,0
DA:25,0
DA:26,0
DA:30,0
DA:34,0
DA:35,0
DA:36,0
DA:37,0
DA:38,0
DA:39,0
DA:43,0
DA:44,0
DA:45,0
DA:47,0
DA:48,0
DA:49,0
DA:50,0
DA:51,0
DA:53,0
DA:57,0
DA:58,0
DA:59,0
DA:61,0
DA:65,0
DA:69,0
DA:72,0
DA:79,0
DA:80,0
DA:81,0
DA:84,0
DA:88,0
DA:89,0
DA:92,0
LF:41
LH:1
BRDA:44,0,0,0
BRDA:44,0,1,0
BRDA:47,1,0,0
BRDA:47,1,1,0
BRDA:48,2,0,0
BRDA:48,2,1,0
BRDA:48,3,0,0
BRDA:48,3,1,0
BRDA:58,4,0,0
BRDA:58,4,1,0
BRDA:80,5,0,0
BRDA:80,5,1,0
BRDA:88,6,0,0
BRDA:88,6,1,0
BRF:14
BRH:0
end_of_record
TN:
SF:src/usecases/auth/logout.usecases.ts
FN:2,(anonymous_0)
FN:4,(anonymous_1)
FNF:2
FNH:1
FNDA:1,(anonymous_0)
FNDA:0,(anonymous_1)
DA:1,1
DA:5,0
LF:2
LH:1
BRF:0
BRH:0
end_of_record
